[30.12.2018 07:11:06,982] [main] INFO  org.jgap.gp.impl.GPGenotype  - Creating initial population
[30.12.2018 07:11:07,099] [main] INFO  org.jgap.gp.impl.GPGenotype  - Mem free: 236.0 MB
[30.12.2018 07:11:07,222] [main] INFO  org.jgap.gp.impl.GPPopulation  - Prototype program set
[30.12.2018 07:11:07,346] [main] WARN  org.jgap.gp.impl.GPPopulation  - Prototype program reused because random program did not satisfy constraints
[30.12.2018 07:11:07,387] [main] WARN  org.jgap.gp.impl.GPPopulation  - Prototype program reused because random program did not satisfy constraints
[30.12.2018 07:11:07,407] [main] WARN  org.jgap.gp.impl.GPPopulation  - Prototype program reused because random program did not satisfy constraints
[30.12.2018 07:11:07,465] [main] WARN  org.jgap.gp.impl.GPPopulation  - Prototype program reused because random program did not satisfy constraints
[30.12.2018 07:11:07,498] [main] WARN  org.jgap.gp.impl.GPPopulation  - Prototype program reused because random program did not satisfy constraints
[30.12.2018 07:11:07,500] [main] WARN  org.jgap.gp.impl.GPPopulation  - Prototype program reused because random program did not satisfy constraints
[30.12.2018 07:11:07,537] [main] WARN  org.jgap.gp.impl.GPPopulation  - Prototype program reused because random program did not satisfy constraints
[30.12.2018 07:11:07,561] [main] WARN  org.jgap.gp.impl.GPPopulation  - Prototype program reused because random program did not satisfy constraints
[30.12.2018 07:11:07,567] [main] WARN  org.jgap.gp.impl.GPPopulation  - Prototype program reused because random program did not satisfy constraints
[30.12.2018 07:11:07,588] [main] WARN  org.jgap.gp.impl.GPPopulation  - Prototype program reused because random program did not satisfy constraints
[30.12.2018 07:11:07,611] [main] WARN  org.jgap.gp.impl.GPPopulation  - Prototype program reused because random program did not satisfy constraints
[30.12.2018 07:11:07,634] [main] WARN  org.jgap.gp.impl.GPPopulation  - Prototype program reused because random program did not satisfy constraints
[30.12.2018 07:11:07,638] [main] WARN  org.jgap.gp.impl.GPPopulation  - Prototype program reused because random program did not satisfy constraints
[30.12.2018 07:11:07,643] [main] WARN  org.jgap.gp.impl.GPPopulation  - Prototype program reused because random program did not satisfy constraints
[30.12.2018 07:11:07,659] [main] WARN  org.jgap.gp.impl.GPPopulation  - Prototype program reused because random program did not satisfy constraints
[30.12.2018 07:11:07,672] [main] WARN  org.jgap.gp.impl.GPPopulation  - Prototype program reused because random program did not satisfy constraints
[30.12.2018 07:11:07,677] [main] WARN  org.jgap.gp.impl.GPPopulation  - Prototype program reused because random program did not satisfy constraints
[30.12.2018 07:11:07,909] [main] INFO  org.jgap.gp.impl.GPGenotype  - Mem free after creating population: 236.0 MB
[30.12.2018 07:11:07,917] [main] INFO  org.jgap.gp.impl.GPGenotype  - Evolving generation 0, memory free: 232.1 MB
[30.12.2018 08:44:41,114] [main] INFO  org.jgap.gp.impl.GPGenotype  - Creating initial population
[30.12.2018 08:44:41,203] [main] INFO  org.jgap.gp.impl.GPGenotype  - Mem free: 236.0 MB
[30.12.2018 08:44:41,352] [main] INFO  org.jgap.gp.impl.GPPopulation  - Prototype program set
[30.12.2018 08:44:41,436] [main] WARN  org.jgap.gp.impl.GPPopulation  - Prototype program reused because random program did not satisfy constraints
[30.12.2018 08:44:41,483] [main] WARN  org.jgap.gp.impl.GPPopulation  - Prototype program reused because random program did not satisfy constraints
[30.12.2018 08:44:41,506] [main] WARN  org.jgap.gp.impl.GPPopulation  - Prototype program reused because random program did not satisfy constraints
[30.12.2018 08:44:41,516] [main] WARN  org.jgap.gp.impl.GPPopulation  - Prototype program reused because random program did not satisfy constraints
[30.12.2018 08:44:41,569] [main] WARN  org.jgap.gp.impl.GPPopulation  - Prototype program reused because random program did not satisfy constraints
[30.12.2018 08:44:41,582] [main] WARN  org.jgap.gp.impl.GPPopulation  - Prototype program reused because random program did not satisfy constraints
[30.12.2018 08:44:41,587] [main] WARN  org.jgap.gp.impl.GPPopulation  - Prototype program reused because random program did not satisfy constraints
[30.12.2018 08:44:41,593] [main] WARN  org.jgap.gp.impl.GPPopulation  - Prototype program reused because random program did not satisfy constraints
[30.12.2018 08:44:41,615] [main] WARN  org.jgap.gp.impl.GPPopulation  - Prototype program reused because random program did not satisfy constraints
[30.12.2018 08:44:41,621] [main] WARN  org.jgap.gp.impl.GPPopulation  - Prototype program reused because random program did not satisfy constraints
[30.12.2018 08:44:41,635] [main] WARN  org.jgap.gp.impl.GPPopulation  - Prototype program reused because random program did not satisfy constraints
[30.12.2018 08:44:41,645] [main] WARN  org.jgap.gp.impl.GPPopulation  - Prototype program reused because random program did not satisfy constraints
[30.12.2018 08:44:41,648] [main] WARN  org.jgap.gp.impl.GPPopulation  - Prototype program reused because random program did not satisfy constraints
[30.12.2018 08:44:41,671] [main] WARN  org.jgap.gp.impl.GPPopulation  - Prototype program reused because random program did not satisfy constraints
[30.12.2018 08:44:41,687] [main] WARN  org.jgap.gp.impl.GPPopulation  - Prototype program reused because random program did not satisfy constraints
[30.12.2018 08:44:41,691] [main] WARN  org.jgap.gp.impl.GPPopulation  - Prototype program reused because random program did not satisfy constraints
[30.12.2018 08:44:41,705] [main] WARN  org.jgap.gp.impl.GPPopulation  - Prototype program reused because random program did not satisfy constraints
[30.12.2018 08:44:41,710] [main] WARN  org.jgap.gp.impl.GPPopulation  - Prototype program reused because random program did not satisfy constraints
[30.12.2018 08:44:41,742] [main] WARN  org.jgap.gp.impl.GPPopulation  - Prototype program reused because random program did not satisfy constraints
[30.12.2018 08:44:41,744] [main] WARN  org.jgap.gp.impl.GPPopulation  - Prototype program reused because random program did not satisfy constraints
[30.12.2018 08:44:41,748] [main] WARN  org.jgap.gp.impl.GPPopulation  - Prototype program reused because random program did not satisfy constraints
[30.12.2018 08:44:41,964] [main] INFO  org.jgap.gp.impl.GPGenotype  - Mem free after creating population: 236.0 MB
[30.12.2018 08:44:41,972] [main] INFO  org.jgap.gp.impl.GPGenotype  - Evolving generation 0, memory free: 233.3 MB
[30.12.2018 09:00:12,985] [main] INFO  org.jgap.gp.impl.GPGenotype  - Creating initial population
[30.12.2018 09:00:13,009] [main] INFO  org.jgap.gp.impl.GPGenotype  - Mem free: 236.0 MB
[30.12.2018 09:00:13,049] [main] INFO  org.jgap.gp.impl.GPPopulation  - Prototype program set
[30.12.2018 09:00:13,107] [main] WARN  org.jgap.gp.impl.GPPopulation  - Prototype program reused because random program did not satisfy constraints
[30.12.2018 09:00:13,149] [main] WARN  org.jgap.gp.impl.GPPopulation  - Prototype program reused because random program did not satisfy constraints
[30.12.2018 09:00:13,163] [main] WARN  org.jgap.gp.impl.GPPopulation  - Prototype program reused because random program did not satisfy constraints
[30.12.2018 09:00:13,195] [main] WARN  org.jgap.gp.impl.GPPopulation  - Prototype program reused because random program did not satisfy constraints
[30.12.2018 09:00:13,212] [main] WARN  org.jgap.gp.impl.GPPopulation  - Prototype program reused because random program did not satisfy constraints
[30.12.2018 09:00:13,221] [main] WARN  org.jgap.gp.impl.GPPopulation  - Prototype program reused because random program did not satisfy constraints
[30.12.2018 09:00:13,227] [main] WARN  org.jgap.gp.impl.GPPopulation  - Prototype program reused because random program did not satisfy constraints
[30.12.2018 09:00:13,241] [main] WARN  org.jgap.gp.impl.GPPopulation  - Prototype program reused because random program did not satisfy constraints
[30.12.2018 09:00:13,247] [main] WARN  org.jgap.gp.impl.GPPopulation  - Prototype program reused because random program did not satisfy constraints
[30.12.2018 09:00:13,300] [main] WARN  org.jgap.gp.impl.GPPopulation  - Prototype program reused because random program did not satisfy constraints
[30.12.2018 09:00:13,311] [main] WARN  org.jgap.gp.impl.GPPopulation  - Prototype program reused because random program did not satisfy constraints
[30.12.2018 09:00:13,325] [main] WARN  org.jgap.gp.impl.GPPopulation  - Prototype program reused because random program did not satisfy constraints
[30.12.2018 09:00:13,333] [main] WARN  org.jgap.gp.impl.GPPopulation  - Prototype program reused because random program did not satisfy constraints
[30.12.2018 09:00:13,347] [main] WARN  org.jgap.gp.impl.GPPopulation  - Prototype program reused because random program did not satisfy constraints
[30.12.2018 09:00:13,358] [main] WARN  org.jgap.gp.impl.GPPopulation  - Prototype program reused because random program did not satisfy constraints
[30.12.2018 09:00:13,365] [main] WARN  org.jgap.gp.impl.GPPopulation  - Prototype program reused because random program did not satisfy constraints
[30.12.2018 09:00:13,374] [main] WARN  org.jgap.gp.impl.GPPopulation  - Prototype program reused because random program did not satisfy constraints
[30.12.2018 09:00:13,380] [main] WARN  org.jgap.gp.impl.GPPopulation  - Prototype program reused because random program did not satisfy constraints
[30.12.2018 09:00:13,396] [main] WARN  org.jgap.gp.impl.GPPopulation  - Prototype program reused because random program did not satisfy constraints
[30.12.2018 09:00:13,419] [main] WARN  org.jgap.gp.impl.GPPopulation  - Prototype program reused because random program did not satisfy constraints
[30.12.2018 09:00:13,432] [main] WARN  org.jgap.gp.impl.GPPopulation  - Prototype program reused because random program did not satisfy constraints
[30.12.2018 09:00:13,569] [main] INFO  org.jgap.gp.impl.GPGenotype  - Mem free after creating population: 236.0 MB
[30.12.2018 09:00:13,574] [main] INFO  org.jgap.gp.impl.GPGenotype  - Evolving generation 0, memory free: 233.3 MB
[30.12.2018 10:06:07,977] [main] INFO  org.jgap.gp.impl.GPGenotype  - Creating initial population
[30.12.2018 10:06:08,066] [main] INFO  org.jgap.gp.impl.GPGenotype  - Mem free: 236.0 MB
[30.12.2018 10:06:08,214] [main] INFO  org.jgap.gp.impl.GPPopulation  - Prototype program set
[30.12.2018 10:06:08,330] [main] WARN  org.jgap.gp.impl.GPPopulation  - Prototype program reused because random program did not satisfy constraints
[30.12.2018 10:06:08,375] [main] WARN  org.jgap.gp.impl.GPPopulation  - Prototype program reused because random program did not satisfy constraints
[30.12.2018 10:06:08,397] [main] WARN  org.jgap.gp.impl.GPPopulation  - Prototype program reused because random program did not satisfy constraints
[30.12.2018 10:06:08,443] [main] WARN  org.jgap.gp.impl.GPPopulation  - Prototype program reused because random program did not satisfy constraints
[30.12.2018 10:06:08,467] [main] WARN  org.jgap.gp.impl.GPPopulation  - Prototype program reused because random program did not satisfy constraints
[30.12.2018 10:06:08,485] [main] WARN  org.jgap.gp.impl.GPPopulation  - Prototype program reused because random program did not satisfy constraints
[30.12.2018 10:06:08,496] [main] WARN  org.jgap.gp.impl.GPPopulation  - Prototype program reused because random program did not satisfy constraints
[30.12.2018 10:06:08,507] [main] WARN  org.jgap.gp.impl.GPPopulation  - Prototype program reused because random program did not satisfy constraints
[30.12.2018 10:06:08,529] [main] WARN  org.jgap.gp.impl.GPPopulation  - Prototype program reused because random program did not satisfy constraints
[30.12.2018 10:06:08,542] [main] WARN  org.jgap.gp.impl.GPPopulation  - Prototype program reused because random program did not satisfy constraints
[30.12.2018 10:06:08,559] [main] WARN  org.jgap.gp.impl.GPPopulation  - Prototype program reused because random program did not satisfy constraints
[30.12.2018 10:06:08,581] [main] WARN  org.jgap.gp.impl.GPPopulation  - Prototype program reused because random program did not satisfy constraints
[30.12.2018 10:06:08,590] [main] WARN  org.jgap.gp.impl.GPPopulation  - Prototype program reused because random program did not satisfy constraints
[30.12.2018 10:06:08,606] [main] WARN  org.jgap.gp.impl.GPPopulation  - Prototype program reused because random program did not satisfy constraints
[30.12.2018 10:06:08,616] [main] WARN  org.jgap.gp.impl.GPPopulation  - Prototype program reused because random program did not satisfy constraints
[30.12.2018 10:06:08,914] [main] INFO  org.jgap.gp.impl.GPGenotype  - Mem free after creating population: 236.0 MB
[30.12.2018 10:06:08,918] [main] INFO  org.jgap.gp.impl.GPGenotype  - Evolving generation 0, memory free: 232.1 MB
[30.12.2018 10:20:55,254] [http-nio-9098-exec-6] INFO  org.jgap.gp.impl.GPGenotype  - Creating initial population
[30.12.2018 10:20:55,270] [http-nio-9098-exec-6] INFO  org.jgap.gp.impl.GPGenotype  - Mem free: 479.0 MB
[30.12.2018 10:20:55,295] [http-nio-9098-exec-6] INFO  org.jgap.gp.impl.GPPopulation  - Prototype program set
[30.12.2018 10:20:55,331] [http-nio-9098-exec-6] WARN  org.jgap.gp.impl.GPPopulation  - Prototype program reused because random program did not satisfy constraints
[30.12.2018 10:20:55,341] [http-nio-9098-exec-6] WARN  org.jgap.gp.impl.GPPopulation  - Prototype program reused because random program did not satisfy constraints
[30.12.2018 10:20:55,354] [http-nio-9098-exec-6] WARN  org.jgap.gp.impl.GPPopulation  - Prototype program reused because random program did not satisfy constraints
[30.12.2018 10:20:55,364] [http-nio-9098-exec-6] WARN  org.jgap.gp.impl.GPPopulation  - Prototype program reused because random program did not satisfy constraints
[30.12.2018 10:20:55,370] [http-nio-9098-exec-6] WARN  org.jgap.gp.impl.GPPopulation  - Prototype program reused because random program did not satisfy constraints
[30.12.2018 10:20:55,379] [http-nio-9098-exec-6] WARN  org.jgap.gp.impl.GPPopulation  - Prototype program reused because random program did not satisfy constraints
[30.12.2018 10:20:55,388] [http-nio-9098-exec-6] WARN  org.jgap.gp.impl.GPPopulation  - Prototype program reused because random program did not satisfy constraints
[30.12.2018 10:20:55,395] [http-nio-9098-exec-6] WARN  org.jgap.gp.impl.GPPopulation  - Prototype program reused because random program did not satisfy constraints
[30.12.2018 10:20:55,400] [http-nio-9098-exec-6] WARN  org.jgap.gp.impl.GPPopulation  - Prototype program reused because random program did not satisfy constraints
[30.12.2018 10:20:55,407] [http-nio-9098-exec-6] WARN  org.jgap.gp.impl.GPPopulation  - Prototype program reused because random program did not satisfy constraints
[30.12.2018 10:20:55,413] [http-nio-9098-exec-6] WARN  org.jgap.gp.impl.GPPopulation  - Prototype program reused because random program did not satisfy constraints
[30.12.2018 10:20:55,420] [http-nio-9098-exec-6] WARN  org.jgap.gp.impl.GPPopulation  - Prototype program reused because random program did not satisfy constraints
[30.12.2018 10:20:55,425] [http-nio-9098-exec-6] WARN  org.jgap.gp.impl.GPPopulation  - Prototype program reused because random program did not satisfy constraints
[30.12.2018 10:20:55,435] [http-nio-9098-exec-6] WARN  org.jgap.gp.impl.GPPopulation  - Prototype program reused because random program did not satisfy constraints
[30.12.2018 10:20:55,441] [http-nio-9098-exec-6] WARN  org.jgap.gp.impl.GPPopulation  - Prototype program reused because random program did not satisfy constraints
[30.12.2018 10:20:56,197] [http-nio-9098-exec-6] INFO  org.jgap.gp.impl.GPGenotype  - Mem free after creating population: 479.0 MB
[30.12.2018 10:20:56,211] [http-nio-9098-exec-6] INFO  org.jgap.gp.impl.GPGenotype  - Evolving generation 0, memory free: 458.3 MB
[30.12.2018 11:50:31,414] [http-nio-9098-exec-2] INFO  org.jgap.gp.impl.GPGenotype  - Creating initial population
[30.12.2018 11:50:31,455] [http-nio-9098-exec-2] INFO  org.jgap.gp.impl.GPGenotype  - Mem free: 436.5 MB
[30.12.2018 11:50:31,511] [http-nio-9098-exec-2] INFO  org.jgap.gp.impl.GPPopulation  - Prototype program set
[30.12.2018 11:50:31,554] [http-nio-9098-exec-2] WARN  org.jgap.gp.impl.GPPopulation  - Prototype program reused because random program did not satisfy constraints
[30.12.2018 11:50:31,570] [http-nio-9098-exec-2] WARN  org.jgap.gp.impl.GPPopulation  - Prototype program reused because random program did not satisfy constraints
[30.12.2018 11:50:31,584] [http-nio-9098-exec-2] WARN  org.jgap.gp.impl.GPPopulation  - Prototype program reused because random program did not satisfy constraints
[30.12.2018 11:50:31,591] [http-nio-9098-exec-2] WARN  org.jgap.gp.impl.GPPopulation  - Prototype program reused because random program did not satisfy constraints
[30.12.2018 11:50:31,599] [http-nio-9098-exec-2] WARN  org.jgap.gp.impl.GPPopulation  - Prototype program reused because random program did not satisfy constraints
[30.12.2018 11:50:31,607] [http-nio-9098-exec-2] WARN  org.jgap.gp.impl.GPPopulation  - Prototype program reused because random program did not satisfy constraints
[30.12.2018 11:50:31,613] [http-nio-9098-exec-2] WARN  org.jgap.gp.impl.GPPopulation  - Prototype program reused because random program did not satisfy constraints
[30.12.2018 11:50:31,618] [http-nio-9098-exec-2] WARN  org.jgap.gp.impl.GPPopulation  - Prototype program reused because random program did not satisfy constraints
[30.12.2018 11:50:31,625] [http-nio-9098-exec-2] WARN  org.jgap.gp.impl.GPPopulation  - Prototype program reused because random program did not satisfy constraints
[30.12.2018 11:50:31,631] [http-nio-9098-exec-2] WARN  org.jgap.gp.impl.GPPopulation  - Prototype program reused because random program did not satisfy constraints
[30.12.2018 11:50:31,640] [http-nio-9098-exec-2] WARN  org.jgap.gp.impl.GPPopulation  - Prototype program reused because random program did not satisfy constraints
[30.12.2018 11:50:31,647] [http-nio-9098-exec-2] WARN  org.jgap.gp.impl.GPPopulation  - Prototype program reused because random program did not satisfy constraints
[30.12.2018 11:50:31,654] [http-nio-9098-exec-2] WARN  org.jgap.gp.impl.GPPopulation  - Prototype program reused because random program did not satisfy constraints
[30.12.2018 11:50:31,660] [http-nio-9098-exec-2] WARN  org.jgap.gp.impl.GPPopulation  - Prototype program reused because random program did not satisfy constraints
[30.12.2018 11:50:31,670] [http-nio-9098-exec-2] WARN  org.jgap.gp.impl.GPPopulation  - Prototype program reused because random program did not satisfy constraints
[30.12.2018 11:50:31,677] [http-nio-9098-exec-2] WARN  org.jgap.gp.impl.GPPopulation  - Prototype program reused because random program did not satisfy constraints
[30.12.2018 11:50:31,684] [http-nio-9098-exec-2] WARN  org.jgap.gp.impl.GPPopulation  - Prototype program reused because random program did not satisfy constraints
[30.12.2018 11:50:31,691] [http-nio-9098-exec-2] WARN  org.jgap.gp.impl.GPPopulation  - Prototype program reused because random program did not satisfy constraints
[30.12.2018 11:50:31,698] [http-nio-9098-exec-2] WARN  org.jgap.gp.impl.GPPopulation  - Prototype program reused because random program did not satisfy constraints
[30.12.2018 11:50:32,062] [http-nio-9098-exec-2] INFO  org.jgap.gp.impl.GPGenotype  - Mem free after creating population: 439.0 MB
[30.12.2018 11:50:32,066] [http-nio-9098-exec-2] INFO  org.jgap.gp.impl.GPGenotype  - Evolving generation 0, memory free: 418.6 MB
[30.12.2018 11:56:10,400] [http-nio-9098-exec-1] INFO  org.jgap.gp.impl.GPGenotype  - Creating initial population
[30.12.2018 11:56:10,415] [http-nio-9098-exec-1] INFO  org.jgap.gp.impl.GPGenotype  - Mem free: 433.0 MB
[30.12.2018 11:56:10,442] [http-nio-9098-exec-1] INFO  org.jgap.gp.impl.GPPopulation  - Prototype program set
[30.12.2018 11:56:10,482] [http-nio-9098-exec-1] WARN  org.jgap.gp.impl.GPPopulation  - Prototype program reused because random program did not satisfy constraints
[30.12.2018 11:56:10,490] [http-nio-9098-exec-1] WARN  org.jgap.gp.impl.GPPopulation  - Prototype program reused because random program did not satisfy constraints
[30.12.2018 11:56:10,498] [http-nio-9098-exec-1] WARN  org.jgap.gp.impl.GPPopulation  - Prototype program reused because random program did not satisfy constraints
[30.12.2018 11:56:10,505] [http-nio-9098-exec-1] WARN  org.jgap.gp.impl.GPPopulation  - Prototype program reused because random program did not satisfy constraints
[30.12.2018 11:56:10,511] [http-nio-9098-exec-1] WARN  org.jgap.gp.impl.GPPopulation  - Prototype program reused because random program did not satisfy constraints
[30.12.2018 11:56:10,517] [http-nio-9098-exec-1] WARN  org.jgap.gp.impl.GPPopulation  - Prototype program reused because random program did not satisfy constraints
[30.12.2018 11:56:10,522] [http-nio-9098-exec-1] WARN  org.jgap.gp.impl.GPPopulation  - Prototype program reused because random program did not satisfy constraints
[30.12.2018 11:56:10,528] [http-nio-9098-exec-1] WARN  org.jgap.gp.impl.GPPopulation  - Prototype program reused because random program did not satisfy constraints
[30.12.2018 11:56:10,532] [http-nio-9098-exec-1] WARN  org.jgap.gp.impl.GPPopulation  - Prototype program reused because random program did not satisfy constraints
[30.12.2018 11:56:10,536] [http-nio-9098-exec-1] WARN  org.jgap.gp.impl.GPPopulation  - Prototype program reused because random program did not satisfy constraints
[30.12.2018 11:56:10,540] [http-nio-9098-exec-1] WARN  org.jgap.gp.impl.GPPopulation  - Prototype program reused because random program did not satisfy constraints
[30.12.2018 11:56:10,545] [http-nio-9098-exec-1] WARN  org.jgap.gp.impl.GPPopulation  - Prototype program reused because random program did not satisfy constraints
[30.12.2018 11:56:10,551] [http-nio-9098-exec-1] WARN  org.jgap.gp.impl.GPPopulation  - Prototype program reused because random program did not satisfy constraints
[30.12.2018 11:56:10,556] [http-nio-9098-exec-1] WARN  org.jgap.gp.impl.GPPopulation  - Prototype program reused because random program did not satisfy constraints
[30.12.2018 11:56:10,560] [http-nio-9098-exec-1] WARN  org.jgap.gp.impl.GPPopulation  - Prototype program reused because random program did not satisfy constraints
[30.12.2018 11:56:10,566] [http-nio-9098-exec-1] WARN  org.jgap.gp.impl.GPPopulation  - Prototype program reused because random program did not satisfy constraints
[30.12.2018 11:56:10,569] [http-nio-9098-exec-1] WARN  org.jgap.gp.impl.GPPopulation  - Prototype program reused because random program did not satisfy constraints
[30.12.2018 11:56:10,922] [http-nio-9098-exec-1] INFO  org.jgap.gp.impl.GPGenotype  - Mem free after creating population: 445.5 MB
[30.12.2018 11:56:10,926] [http-nio-9098-exec-1] INFO  org.jgap.gp.impl.GPGenotype  - Evolving generation 0, memory free: 427.4 MB
[30.12.2018 11:56:37,513] [http-nio-9098-exec-3] INFO  org.jgap.gp.impl.GPGenotype  - Creating initial population
[30.12.2018 11:56:37,525] [http-nio-9098-exec-3] INFO  org.jgap.gp.impl.GPGenotype  - Mem free: 516.5 MB
[30.12.2018 11:56:37,532] [http-nio-9098-exec-3] INFO  org.jgap.gp.impl.GPPopulation  - Prototype program set
[30.12.2018 11:56:37,543] [http-nio-9098-exec-3] WARN  org.jgap.gp.impl.GPPopulation  - Prototype program reused because random program did not satisfy constraints
[30.12.2018 11:56:37,551] [http-nio-9098-exec-3] WARN  org.jgap.gp.impl.GPPopulation  - Prototype program reused because random program did not satisfy constraints
[30.12.2018 11:56:37,561] [http-nio-9098-exec-3] WARN  org.jgap.gp.impl.GPPopulation  - Prototype program reused because random program did not satisfy constraints
[30.12.2018 11:56:37,567] [http-nio-9098-exec-3] WARN  org.jgap.gp.impl.GPPopulation  - Prototype program reused because random program did not satisfy constraints
[30.12.2018 11:56:37,573] [http-nio-9098-exec-3] WARN  org.jgap.gp.impl.GPPopulation  - Prototype program reused because random program did not satisfy constraints
[30.12.2018 11:56:37,580] [http-nio-9098-exec-3] WARN  org.jgap.gp.impl.GPPopulation  - Prototype program reused because random program did not satisfy constraints
[30.12.2018 11:56:37,586] [http-nio-9098-exec-3] WARN  org.jgap.gp.impl.GPPopulation  - Prototype program reused because random program did not satisfy constraints
[30.12.2018 11:56:37,593] [http-nio-9098-exec-3] WARN  org.jgap.gp.impl.GPPopulation  - Prototype program reused because random program did not satisfy constraints
[30.12.2018 11:56:37,606] [http-nio-9098-exec-3] WARN  org.jgap.gp.impl.GPPopulation  - Prototype program reused because random program did not satisfy constraints
[30.12.2018 11:56:37,831] [http-nio-9098-exec-3] INFO  org.jgap.gp.impl.GPGenotype  - Mem free after creating population: 498.5 MB
[30.12.2018 11:56:37,835] [http-nio-9098-exec-3] INFO  org.jgap.gp.impl.GPGenotype  - Evolving generation 0, memory free: 480.8 MB
[30.12.2018 11:56:53,268] [http-nio-9098-exec-5] INFO  org.jgap.gp.impl.GPGenotype  - Creating initial population
[30.12.2018 11:56:53,272] [http-nio-9098-exec-5] INFO  org.jgap.gp.impl.GPGenotype  - Mem free: 516.0 MB
[30.12.2018 11:56:53,275] [http-nio-9098-exec-5] INFO  org.jgap.gp.impl.GPPopulation  - Prototype program set
[30.12.2018 11:56:53,282] [http-nio-9098-exec-5] WARN  org.jgap.gp.impl.GPPopulation  - Prototype program reused because random program did not satisfy constraints
[30.12.2018 11:56:53,291] [http-nio-9098-exec-5] WARN  org.jgap.gp.impl.GPPopulation  - Prototype program reused because random program did not satisfy constraints
[30.12.2018 11:56:53,294] [http-nio-9098-exec-5] WARN  org.jgap.gp.impl.GPPopulation  - Prototype program reused because random program did not satisfy constraints
[30.12.2018 11:56:53,301] [http-nio-9098-exec-5] WARN  org.jgap.gp.impl.GPPopulation  - Prototype program reused because random program did not satisfy constraints
[30.12.2018 11:56:53,306] [http-nio-9098-exec-5] WARN  org.jgap.gp.impl.GPPopulation  - Prototype program reused because random program did not satisfy constraints
[30.12.2018 11:56:53,308] [http-nio-9098-exec-5] WARN  org.jgap.gp.impl.GPPopulation  - Prototype program reused because random program did not satisfy constraints
[30.12.2018 11:56:53,311] [http-nio-9098-exec-5] WARN  org.jgap.gp.impl.GPPopulation  - Prototype program reused because random program did not satisfy constraints
[30.12.2018 11:56:53,320] [http-nio-9098-exec-5] WARN  org.jgap.gp.impl.GPPopulation  - Prototype program reused because random program did not satisfy constraints
[30.12.2018 11:56:53,323] [http-nio-9098-exec-5] WARN  org.jgap.gp.impl.GPPopulation  - Prototype program reused because random program did not satisfy constraints
[30.12.2018 11:56:53,330] [http-nio-9098-exec-5] WARN  org.jgap.gp.impl.GPPopulation  - Prototype program reused because random program did not satisfy constraints
[30.12.2018 11:56:53,334] [http-nio-9098-exec-5] WARN  org.jgap.gp.impl.GPPopulation  - Prototype program reused because random program did not satisfy constraints
[30.12.2018 11:56:53,341] [http-nio-9098-exec-5] WARN  org.jgap.gp.impl.GPPopulation  - Prototype program reused because random program did not satisfy constraints
[30.12.2018 11:56:53,344] [http-nio-9098-exec-5] WARN  org.jgap.gp.impl.GPPopulation  - Prototype program reused because random program did not satisfy constraints
[30.12.2018 11:56:53,606] [http-nio-9098-exec-5] INFO  org.jgap.gp.impl.GPGenotype  - Mem free after creating population: 498.5 MB
[30.12.2018 11:56:53,611] [http-nio-9098-exec-5] INFO  org.jgap.gp.impl.GPGenotype  - Evolving generation 0, memory free: 480.1 MB
[30.12.2018 12:11:09,192] [main] INFO  org.jgap.gp.impl.GPGenotype  - Creating initial population
[30.12.2018 12:11:09,227] [main] INFO  org.jgap.gp.impl.GPGenotype  - Mem free: 236.0 MB
[30.12.2018 12:11:09,319] [main] INFO  org.jgap.gp.impl.GPPopulation  - Prototype program set
[30.12.2018 12:11:09,389] [main] WARN  org.jgap.gp.impl.GPPopulation  - Prototype program reused because random program did not satisfy constraints
[30.12.2018 12:11:09,432] [main] WARN  org.jgap.gp.impl.GPPopulation  - Prototype program reused because random program did not satisfy constraints
[30.12.2018 12:11:09,453] [main] WARN  org.jgap.gp.impl.GPPopulation  - Prototype program reused because random program did not satisfy constraints
[30.12.2018 12:11:09,485] [main] WARN  org.jgap.gp.impl.GPPopulation  - Prototype program reused because random program did not satisfy constraints
[30.12.2018 12:11:09,497] [main] WARN  org.jgap.gp.impl.GPPopulation  - Prototype program reused because random program did not satisfy constraints
[30.12.2018 12:11:09,500] [main] WARN  org.jgap.gp.impl.GPPopulation  - Prototype program reused because random program did not satisfy constraints
[30.12.2018 12:11:09,522] [main] WARN  org.jgap.gp.impl.GPPopulation  - Prototype program reused because random program did not satisfy constraints
[30.12.2018 12:11:09,549] [main] WARN  org.jgap.gp.impl.GPPopulation  - Prototype program reused because random program did not satisfy constraints
[30.12.2018 12:11:09,554] [main] WARN  org.jgap.gp.impl.GPPopulation  - Prototype program reused because random program did not satisfy constraints
[30.12.2018 12:11:09,578] [main] WARN  org.jgap.gp.impl.GPPopulation  - Prototype program reused because random program did not satisfy constraints
[30.12.2018 12:11:09,603] [main] WARN  org.jgap.gp.impl.GPPopulation  - Prototype program reused because random program did not satisfy constraints
[30.12.2018 12:11:09,610] [main] WARN  org.jgap.gp.impl.GPPopulation  - Prototype program reused because random program did not satisfy constraints
[30.12.2018 12:11:09,615] [main] WARN  org.jgap.gp.impl.GPPopulation  - Prototype program reused because random program did not satisfy constraints
[30.12.2018 12:11:09,617] [main] WARN  org.jgap.gp.impl.GPPopulation  - Prototype program reused because random program did not satisfy constraints
[30.12.2018 12:11:09,623] [main] WARN  org.jgap.gp.impl.GPPopulation  - Prototype program reused because random program did not satisfy constraints
[30.12.2018 12:11:09,630] [main] WARN  org.jgap.gp.impl.GPPopulation  - Prototype program reused because random program did not satisfy constraints
[30.12.2018 12:11:09,645] [main] WARN  org.jgap.gp.impl.GPPopulation  - Prototype program reused because random program did not satisfy constraints
[30.12.2018 12:11:09,651] [main] WARN  org.jgap.gp.impl.GPPopulation  - Prototype program reused because random program did not satisfy constraints
[30.12.2018 12:11:09,894] [main] INFO  org.jgap.gp.impl.GPGenotype  - Mem free after creating population: 236.0 MB
[30.12.2018 12:11:09,899] [main] INFO  org.jgap.gp.impl.GPGenotype  - Evolving generation 0, memory free: 233.3 MB
[30.12.2018 12:14:14,927] [http-nio-9098-exec-4] INFO  org.jgap.gp.impl.GPGenotype  - Creating initial population
[30.12.2018 12:14:14,928] [http-nio-9098-exec-4] INFO  org.jgap.gp.impl.GPGenotype  - Mem free: 512.0 MB
[30.12.2018 12:14:14,933] [http-nio-9098-exec-4] INFO  org.jgap.gp.impl.GPPopulation  - Prototype program set
[30.12.2018 12:14:14,941] [http-nio-9098-exec-4] WARN  org.jgap.gp.impl.GPPopulation  - Prototype program reused because random program did not satisfy constraints
[30.12.2018 12:14:14,943] [http-nio-9098-exec-4] WARN  org.jgap.gp.impl.GPPopulation  - Prototype program reused because random program did not satisfy constraints
[30.12.2018 12:14:14,944] [http-nio-9098-exec-4] WARN  org.jgap.gp.impl.GPPopulation  - Prototype program reused because random program did not satisfy constraints
[30.12.2018 12:14:14,946] [http-nio-9098-exec-4] WARN  org.jgap.gp.impl.GPPopulation  - Prototype program reused because random program did not satisfy constraints
[30.12.2018 12:14:14,947] [http-nio-9098-exec-4] WARN  org.jgap.gp.impl.GPPopulation  - Prototype program reused because random program did not satisfy constraints
[30.12.2018 12:14:14,949] [http-nio-9098-exec-4] WARN  org.jgap.gp.impl.GPPopulation  - Prototype program reused because random program did not satisfy constraints
[30.12.2018 12:14:14,951] [http-nio-9098-exec-4] WARN  org.jgap.gp.impl.GPPopulation  - Prototype program reused because random program did not satisfy constraints
[30.12.2018 12:14:14,956] [http-nio-9098-exec-4] WARN  org.jgap.gp.impl.GPPopulation  - Prototype program reused because random program did not satisfy constraints
[30.12.2018 12:14:14,960] [http-nio-9098-exec-4] WARN  org.jgap.gp.impl.GPPopulation  - Prototype program reused because random program did not satisfy constraints
[30.12.2018 12:14:14,962] [http-nio-9098-exec-4] WARN  org.jgap.gp.impl.GPPopulation  - Prototype program reused because random program did not satisfy constraints
[30.12.2018 12:14:14,964] [http-nio-9098-exec-4] WARN  org.jgap.gp.impl.GPPopulation  - Prototype program reused because random program did not satisfy constraints
[30.12.2018 12:14:14,966] [http-nio-9098-exec-4] WARN  org.jgap.gp.impl.GPPopulation  - Prototype program reused because random program did not satisfy constraints
[30.12.2018 12:14:14,967] [http-nio-9098-exec-4] WARN  org.jgap.gp.impl.GPPopulation  - Prototype program reused because random program did not satisfy constraints
[30.12.2018 12:14:14,968] [http-nio-9098-exec-4] WARN  org.jgap.gp.impl.GPPopulation  - Prototype program reused because random program did not satisfy constraints
[30.12.2018 12:14:14,969] [http-nio-9098-exec-4] WARN  org.jgap.gp.impl.GPPopulation  - Prototype program reused because random program did not satisfy constraints
[30.12.2018 12:14:14,971] [http-nio-9098-exec-4] WARN  org.jgap.gp.impl.GPPopulation  - Prototype program reused because random program did not satisfy constraints
[30.12.2018 12:14:14,975] [http-nio-9098-exec-4] WARN  org.jgap.gp.impl.GPPopulation  - Prototype program reused because random program did not satisfy constraints
[30.12.2018 12:14:14,980] [http-nio-9098-exec-4] WARN  org.jgap.gp.impl.GPPopulation  - Prototype program reused because random program did not satisfy constraints
[30.12.2018 12:14:14,984] [http-nio-9098-exec-4] WARN  org.jgap.gp.impl.GPPopulation  - Prototype program reused because random program did not satisfy constraints
[30.12.2018 12:14:14,988] [http-nio-9098-exec-4] WARN  org.jgap.gp.impl.GPPopulation  - Prototype program reused because random program did not satisfy constraints
[30.12.2018 12:14:14,992] [http-nio-9098-exec-4] WARN  org.jgap.gp.impl.GPPopulation  - Prototype program reused because random program did not satisfy constraints
[30.12.2018 12:14:14,994] [http-nio-9098-exec-4] WARN  org.jgap.gp.impl.GPPopulation  - Prototype program reused because random program did not satisfy constraints
[30.12.2018 12:14:14,996] [http-nio-9098-exec-4] WARN  org.jgap.gp.impl.GPPopulation  - Prototype program reused because random program did not satisfy constraints
[30.12.2018 12:14:14,998] [http-nio-9098-exec-4] WARN  org.jgap.gp.impl.GPPopulation  - Prototype program reused because random program did not satisfy constraints
[30.12.2018 12:14:15,165] [http-nio-9098-exec-4] INFO  org.jgap.gp.impl.GPGenotype  - Mem free after creating population: 498.5 MB
[30.12.2018 12:14:15,168] [http-nio-9098-exec-4] INFO  org.jgap.gp.impl.GPGenotype  - Evolving generation 0, memory free: 479.5 MB
[30.12.2018 12:14:15,371] [http-nio-9098-exec-4] INFO  org.jgap.gp.impl.GPGenotype  - Best solution fitness: 79.90
[30.12.2018 12:14:15,373] [http-nio-9098-exec-4] INFO  org.jgap.gp.impl.GPGenotype  - Best solution: (m - ushp) * (m + bn) ==> (Arg(1) + Arg(0) + Arg(2)) + (Arg(2) + Arg(1) + Arg(0)) + (Arg(0) + Arg(2) + Arg(0))
[30.12.2018 12:14:15,374] [http-nio-9098-exec-4] INFO  org.jgap.gp.impl.GPGenotype  - Depths of chroms: 2 / 2
[30.12.2018 12:14:15,376] [http-nio-9098-exec-4] INFO  org.jgap.gp.impl.GPGenotype  - Evolving generation 1, memory free: 476.3 MB
[30.12.2018 12:16:28,984] [http-nio-9098-exec-7] INFO  org.jgap.gp.impl.GPGenotype  - Creating initial population
[30.12.2018 12:16:28,997] [http-nio-9098-exec-7] INFO  org.jgap.gp.impl.GPGenotype  - Mem free: 439.0 MB
[30.12.2018 12:16:29,011] [http-nio-9098-exec-7] INFO  org.jgap.gp.impl.GPPopulation  - Prototype program set
[30.12.2018 12:16:29,041] [http-nio-9098-exec-7] WARN  org.jgap.gp.impl.GPPopulation  - Prototype program reused because random program did not satisfy constraints
[30.12.2018 12:16:29,046] [http-nio-9098-exec-7] WARN  org.jgap.gp.impl.GPPopulation  - Prototype program reused because random program did not satisfy constraints
[30.12.2018 12:16:29,047] [http-nio-9098-exec-7] WARN  org.jgap.gp.impl.GPPopulation  - Prototype program reused because random program did not satisfy constraints
[30.12.2018 12:16:29,050] [http-nio-9098-exec-7] WARN  org.jgap.gp.impl.GPPopulation  - Prototype program reused because random program did not satisfy constraints
[30.12.2018 12:16:29,056] [http-nio-9098-exec-7] WARN  org.jgap.gp.impl.GPPopulation  - Prototype program reused because random program did not satisfy constraints
[30.12.2018 12:16:29,059] [http-nio-9098-exec-7] WARN  org.jgap.gp.impl.GPPopulation  - Prototype program reused because random program did not satisfy constraints
[30.12.2018 12:16:29,061] [http-nio-9098-exec-7] WARN  org.jgap.gp.impl.GPPopulation  - Prototype program reused because random program did not satisfy constraints
[30.12.2018 12:16:29,063] [http-nio-9098-exec-7] WARN  org.jgap.gp.impl.GPPopulation  - Prototype program reused because random program did not satisfy constraints
[30.12.2018 12:16:29,069] [http-nio-9098-exec-7] WARN  org.jgap.gp.impl.GPPopulation  - Prototype program reused because random program did not satisfy constraints
[30.12.2018 12:16:29,074] [http-nio-9098-exec-7] WARN  org.jgap.gp.impl.GPPopulation  - Prototype program reused because random program did not satisfy constraints
[30.12.2018 12:16:29,076] [http-nio-9098-exec-7] WARN  org.jgap.gp.impl.GPPopulation  - Prototype program reused because random program did not satisfy constraints
[30.12.2018 12:16:29,078] [http-nio-9098-exec-7] WARN  org.jgap.gp.impl.GPPopulation  - Prototype program reused because random program did not satisfy constraints
[30.12.2018 12:16:29,080] [http-nio-9098-exec-7] WARN  org.jgap.gp.impl.GPPopulation  - Prototype program reused because random program did not satisfy constraints
[30.12.2018 12:16:29,082] [http-nio-9098-exec-7] WARN  org.jgap.gp.impl.GPPopulation  - Prototype program reused because random program did not satisfy constraints
[30.12.2018 12:16:29,083] [http-nio-9098-exec-7] WARN  org.jgap.gp.impl.GPPopulation  - Prototype program reused because random program did not satisfy constraints
[30.12.2018 12:16:29,084] [http-nio-9098-exec-7] WARN  org.jgap.gp.impl.GPPopulation  - Prototype program reused because random program did not satisfy constraints
[30.12.2018 12:16:29,324] [http-nio-9098-exec-7] INFO  org.jgap.gp.impl.GPGenotype  - Mem free after creating population: 454.0 MB
[30.12.2018 12:16:29,332] [http-nio-9098-exec-7] INFO  org.jgap.gp.impl.GPGenotype  - Evolving generation 0, memory free: 434.1 MB
[30.12.2018 12:16:49,993] [http-nio-9098-exec-8] INFO  org.jgap.gp.impl.GPGenotype  - Creating initial population
[30.12.2018 12:16:50,002] [http-nio-9098-exec-8] INFO  org.jgap.gp.impl.GPGenotype  - Mem free: 499.5 MB
[30.12.2018 12:16:50,005] [http-nio-9098-exec-8] INFO  org.jgap.gp.impl.GPPopulation  - Prototype program set
[30.12.2018 12:16:50,013] [http-nio-9098-exec-8] WARN  org.jgap.gp.impl.GPPopulation  - Prototype program reused because random program did not satisfy constraints
[30.12.2018 12:16:50,017] [http-nio-9098-exec-8] WARN  org.jgap.gp.impl.GPPopulation  - Prototype program reused because random program did not satisfy constraints
[30.12.2018 12:16:50,020] [http-nio-9098-exec-8] WARN  org.jgap.gp.impl.GPPopulation  - Prototype program reused because random program did not satisfy constraints
[30.12.2018 12:16:50,021] [http-nio-9098-exec-8] WARN  org.jgap.gp.impl.GPPopulation  - Prototype program reused because random program did not satisfy constraints
[30.12.2018 12:16:50,023] [http-nio-9098-exec-8] WARN  org.jgap.gp.impl.GPPopulation  - Prototype program reused because random program did not satisfy constraints
[30.12.2018 12:16:50,026] [http-nio-9098-exec-8] WARN  org.jgap.gp.impl.GPPopulation  - Prototype program reused because random program did not satisfy constraints
[30.12.2018 12:16:50,029] [http-nio-9098-exec-8] WARN  org.jgap.gp.impl.GPPopulation  - Prototype program reused because random program did not satisfy constraints
[30.12.2018 12:16:50,032] [http-nio-9098-exec-8] WARN  org.jgap.gp.impl.GPPopulation  - Prototype program reused because random program did not satisfy constraints
[30.12.2018 12:16:50,036] [http-nio-9098-exec-8] WARN  org.jgap.gp.impl.GPPopulation  - Prototype program reused because random program did not satisfy constraints
[30.12.2018 12:16:50,038] [http-nio-9098-exec-8] WARN  org.jgap.gp.impl.GPPopulation  - Prototype program reused because random program did not satisfy constraints
[30.12.2018 12:16:50,043] [http-nio-9098-exec-8] WARN  org.jgap.gp.impl.GPPopulation  - Prototype program reused because random program did not satisfy constraints
[30.12.2018 12:16:50,047] [http-nio-9098-exec-8] WARN  org.jgap.gp.impl.GPPopulation  - Prototype program reused because random program did not satisfy constraints
[30.12.2018 12:16:50,050] [http-nio-9098-exec-8] WARN  org.jgap.gp.impl.GPPopulation  - Prototype program reused because random program did not satisfy constraints
[30.12.2018 12:16:50,051] [http-nio-9098-exec-8] WARN  org.jgap.gp.impl.GPPopulation  - Prototype program reused because random program did not satisfy constraints
[30.12.2018 12:16:50,053] [http-nio-9098-exec-8] WARN  org.jgap.gp.impl.GPPopulation  - Prototype program reused because random program did not satisfy constraints
[30.12.2018 12:16:50,199] [http-nio-9098-exec-8] INFO  org.jgap.gp.impl.GPGenotype  - Mem free after creating population: 500.0 MB
[30.12.2018 12:16:50,203] [http-nio-9098-exec-8] INFO  org.jgap.gp.impl.GPGenotype  - Evolving generation 0, memory free: 479.1 MB
[30.12.2018 12:19:56,919] [http-nio-9098-exec-1] INFO  org.jgap.gp.impl.GPGenotype  - Creating initial population
[30.12.2018 12:19:56,933] [http-nio-9098-exec-1] INFO  org.jgap.gp.impl.GPGenotype  - Mem free: 443.5 MB
[30.12.2018 12:19:56,959] [http-nio-9098-exec-1] INFO  org.jgap.gp.impl.GPPopulation  - Prototype program set
[30.12.2018 12:19:56,993] [http-nio-9098-exec-1] WARN  org.jgap.gp.impl.GPPopulation  - Prototype program reused because random program did not satisfy constraints
[30.12.2018 12:19:57,000] [http-nio-9098-exec-1] WARN  org.jgap.gp.impl.GPPopulation  - Prototype program reused because random program did not satisfy constraints
[30.12.2018 12:19:57,006] [http-nio-9098-exec-1] WARN  org.jgap.gp.impl.GPPopulation  - Prototype program reused because random program did not satisfy constraints
[30.12.2018 12:19:57,014] [http-nio-9098-exec-1] WARN  org.jgap.gp.impl.GPPopulation  - Prototype program reused because random program did not satisfy constraints
[30.12.2018 12:19:57,034] [http-nio-9098-exec-1] WARN  org.jgap.gp.impl.GPPopulation  - Prototype program reused because random program did not satisfy constraints
[30.12.2018 12:19:57,044] [http-nio-9098-exec-1] WARN  org.jgap.gp.impl.GPPopulation  - Prototype program reused because random program did not satisfy constraints
[30.12.2018 12:19:57,053] [http-nio-9098-exec-1] WARN  org.jgap.gp.impl.GPPopulation  - Prototype program reused because random program did not satisfy constraints
[30.12.2018 12:19:57,060] [http-nio-9098-exec-1] WARN  org.jgap.gp.impl.GPPopulation  - Prototype program reused because random program did not satisfy constraints
[30.12.2018 12:19:57,066] [http-nio-9098-exec-1] WARN  org.jgap.gp.impl.GPPopulation  - Prototype program reused because random program did not satisfy constraints
[30.12.2018 12:19:57,073] [http-nio-9098-exec-1] WARN  org.jgap.gp.impl.GPPopulation  - Prototype program reused because random program did not satisfy constraints
[30.12.2018 12:19:57,078] [http-nio-9098-exec-1] WARN  org.jgap.gp.impl.GPPopulation  - Prototype program reused because random program did not satisfy constraints
[30.12.2018 12:19:57,086] [http-nio-9098-exec-1] WARN  org.jgap.gp.impl.GPPopulation  - Prototype program reused because random program did not satisfy constraints
[30.12.2018 12:19:57,091] [http-nio-9098-exec-1] WARN  org.jgap.gp.impl.GPPopulation  - Prototype program reused because random program did not satisfy constraints
[30.12.2018 12:19:57,099] [http-nio-9098-exec-1] WARN  org.jgap.gp.impl.GPPopulation  - Prototype program reused because random program did not satisfy constraints
[30.12.2018 12:19:57,103] [http-nio-9098-exec-1] WARN  org.jgap.gp.impl.GPPopulation  - Prototype program reused because random program did not satisfy constraints
[30.12.2018 12:19:57,113] [http-nio-9098-exec-1] WARN  org.jgap.gp.impl.GPPopulation  - Prototype program reused because random program did not satisfy constraints
[30.12.2018 12:19:57,120] [http-nio-9098-exec-1] WARN  org.jgap.gp.impl.GPPopulation  - Prototype program reused because random program did not satisfy constraints
[30.12.2018 12:19:57,126] [http-nio-9098-exec-1] WARN  org.jgap.gp.impl.GPPopulation  - Prototype program reused because random program did not satisfy constraints
[30.12.2018 12:19:57,132] [http-nio-9098-exec-1] WARN  org.jgap.gp.impl.GPPopulation  - Prototype program reused because random program did not satisfy constraints
[30.12.2018 12:19:57,428] [http-nio-9098-exec-1] INFO  org.jgap.gp.impl.GPGenotype  - Mem free after creating population: 443.5 MB
[30.12.2018 12:19:57,433] [http-nio-9098-exec-1] INFO  org.jgap.gp.impl.GPGenotype  - Evolving generation 0, memory free: 422.8 MB
[31.12.2018 06:17:34,434] [main] INFO  org.jgap.gp.impl.GPGenotype  - Creating initial population
[31.12.2018 06:17:34,564] [main] INFO  org.jgap.gp.impl.GPGenotype  - Mem free: 236.0 MB
[31.12.2018 06:17:34,761] [main] INFO  org.jgap.gp.impl.GPPopulation  - Prototype program set
[31.12.2018 06:17:34,892] [main] WARN  org.jgap.gp.impl.GPPopulation  - Prototype program reused because random program did not satisfy constraints
[31.12.2018 06:17:34,960] [main] WARN  org.jgap.gp.impl.GPPopulation  - Prototype program reused because random program did not satisfy constraints
[31.12.2018 06:17:34,995] [main] WARN  org.jgap.gp.impl.GPPopulation  - Prototype program reused because random program did not satisfy constraints
[31.12.2018 06:17:35,036] [main] WARN  org.jgap.gp.impl.GPPopulation  - Prototype program reused because random program did not satisfy constraints
[31.12.2018 06:17:35,046] [main] WARN  org.jgap.gp.impl.GPPopulation  - Prototype program reused because random program did not satisfy constraints
[31.12.2018 06:17:35,066] [main] WARN  org.jgap.gp.impl.GPPopulation  - Prototype program reused because random program did not satisfy constraints
[31.12.2018 06:17:35,084] [main] WARN  org.jgap.gp.impl.GPPopulation  - Prototype program reused because random program did not satisfy constraints
[31.12.2018 06:17:35,110] [main] WARN  org.jgap.gp.impl.GPPopulation  - Prototype program reused because random program did not satisfy constraints
[31.12.2018 06:17:35,134] [main] WARN  org.jgap.gp.impl.GPPopulation  - Prototype program reused because random program did not satisfy constraints
[31.12.2018 06:17:35,154] [main] WARN  org.jgap.gp.impl.GPPopulation  - Prototype program reused because random program did not satisfy constraints
[31.12.2018 06:17:35,213] [main] WARN  org.jgap.gp.impl.GPPopulation  - Prototype program reused because random program did not satisfy constraints
[31.12.2018 06:17:35,251] [main] WARN  org.jgap.gp.impl.GPPopulation  - Prototype program reused because random program did not satisfy constraints
[31.12.2018 06:17:35,281] [main] WARN  org.jgap.gp.impl.GPPopulation  - Prototype program reused because random program did not satisfy constraints
[31.12.2018 06:17:35,330] [main] WARN  org.jgap.gp.impl.GPPopulation  - Prototype program reused because random program did not satisfy constraints
[31.12.2018 06:17:35,351] [main] WARN  org.jgap.gp.impl.GPPopulation  - Prototype program reused because random program did not satisfy constraints
[31.12.2018 06:17:35,373] [main] WARN  org.jgap.gp.impl.GPPopulation  - Prototype program reused because random program did not satisfy constraints
[31.12.2018 06:17:35,392] [main] WARN  org.jgap.gp.impl.GPPopulation  - Prototype program reused because random program did not satisfy constraints
[31.12.2018 06:17:35,732] [main] INFO  org.jgap.gp.impl.GPGenotype  - Mem free after creating population: 236.0 MB
[31.12.2018 06:17:35,739] [main] INFO  org.jgap.gp.impl.GPGenotype  - Evolving generation 0, memory free: 232.1 MB
[31.12.2018 06:44:20,611] [http-nio-9098-exec-1] INFO  org.jgap.gp.impl.GPGenotype  - Creating initial population
[31.12.2018 06:44:20,625] [http-nio-9098-exec-1] INFO  org.jgap.gp.impl.GPGenotype  - Mem free: 352.0 MB
[31.12.2018 06:44:20,653] [http-nio-9098-exec-1] INFO  org.jgap.gp.impl.GPPopulation  - Prototype program set
[31.12.2018 06:44:20,686] [http-nio-9098-exec-1] WARN  org.jgap.gp.impl.GPPopulation  - Prototype program reused because random program did not satisfy constraints
[31.12.2018 06:44:20,704] [http-nio-9098-exec-1] WARN  org.jgap.gp.impl.GPPopulation  - Prototype program reused because random program did not satisfy constraints
[31.12.2018 06:44:20,715] [http-nio-9098-exec-1] WARN  org.jgap.gp.impl.GPPopulation  - Prototype program reused because random program did not satisfy constraints
[31.12.2018 06:44:20,721] [http-nio-9098-exec-1] WARN  org.jgap.gp.impl.GPPopulation  - Prototype program reused because random program did not satisfy constraints
[31.12.2018 06:44:20,736] [http-nio-9098-exec-1] WARN  org.jgap.gp.impl.GPPopulation  - Prototype program reused because random program did not satisfy constraints
[31.12.2018 06:44:20,742] [http-nio-9098-exec-1] WARN  org.jgap.gp.impl.GPPopulation  - Prototype program reused because random program did not satisfy constraints
[31.12.2018 06:44:20,745] [http-nio-9098-exec-1] WARN  org.jgap.gp.impl.GPPopulation  - Prototype program reused because random program did not satisfy constraints
[31.12.2018 06:44:20,754] [http-nio-9098-exec-1] WARN  org.jgap.gp.impl.GPPopulation  - Prototype program reused because random program did not satisfy constraints
[31.12.2018 06:44:20,760] [http-nio-9098-exec-1] WARN  org.jgap.gp.impl.GPPopulation  - Prototype program reused because random program did not satisfy constraints
[31.12.2018 06:44:20,764] [http-nio-9098-exec-1] WARN  org.jgap.gp.impl.GPPopulation  - Prototype program reused because random program did not satisfy constraints
[31.12.2018 06:44:20,771] [http-nio-9098-exec-1] WARN  org.jgap.gp.impl.GPPopulation  - Prototype program reused because random program did not satisfy constraints
[31.12.2018 06:44:20,778] [http-nio-9098-exec-1] WARN  org.jgap.gp.impl.GPPopulation  - Prototype program reused because random program did not satisfy constraints
[31.12.2018 06:44:20,782] [http-nio-9098-exec-1] WARN  org.jgap.gp.impl.GPPopulation  - Prototype program reused because random program did not satisfy constraints
[31.12.2018 06:44:20,785] [http-nio-9098-exec-1] WARN  org.jgap.gp.impl.GPPopulation  - Prototype program reused because random program did not satisfy constraints
[31.12.2018 06:44:20,788] [http-nio-9098-exec-1] WARN  org.jgap.gp.impl.GPPopulation  - Prototype program reused because random program did not satisfy constraints
[31.12.2018 06:44:20,794] [http-nio-9098-exec-1] WARN  org.jgap.gp.impl.GPPopulation  - Prototype program reused because random program did not satisfy constraints
[31.12.2018 06:44:21,240] [http-nio-9098-exec-1] INFO  org.jgap.gp.impl.GPGenotype  - Mem free after creating population: 352.0 MB
[31.12.2018 06:44:21,248] [http-nio-9098-exec-1] INFO  org.jgap.gp.impl.GPGenotype  - Evolving generation 0, memory free: 332.0 MB
